<?xml version="1.0" encoding="UTF-8"?>
<!-- Generated by org.testng.reporters.JUnitReportReporter -->
<testsuite hostname="san3149591" name="com.netent.testcases.Task" tests="1" failures="0" timestamp="5 Jun 2019 08:54:43 GMT" time="3.836" errors="0">
  <testcase name="taskInJIRA" time="3.836" classname="com.netent.testcases.Task"/>
</testsuite> <!-- com.netent.testcases.Task -->
