<?xml version="1.0" encoding="UTF-8"?>
<!-- Generated by org.testng.reporters.JUnitReportReporter -->
<testsuite skipped="0" hostname="san3149591" name="com.JSONConverter.convertIntoJson" tests="1" failures="0" timestamp="05 May 2019 09:37:43 GMT" time="0.025" errors="0">
  <testcase name="JsonConverter" time="0.025" classname="com.JSONConverter.convertIntoJson"/>
</testsuite> <!-- com.JSONConverter.convertIntoJson -->
