<?xml version="1.0" encoding="UTF-8"?>
<!-- Generated by org.testng.reporters.JUnitReportReporter -->
<testsuite hostname="san3149591" name="com.jiraBug.testcases.Task" tests="6" failures="0" timestamp="30 Jul 2019 05:49:32 GMT" time="13.098" errors="0">
  <testcase name="taskCreateJIRA" time="1.748" classname="com.jiraBug.testcases.Task"/>
  <testcase name="taskCreateJIRA" time="1.862" classname="com.jiraBug.testcases.Task"/>
  <testcase name="taskCreateJIRA" time="1.554" classname="com.jiraBug.testcases.Task"/>
  <testcase name="taskCreateJIRA" time="4.215" classname="com.jiraBug.testcases.Task"/>
  <testcase name="taskCreateJIRA" time="1.818" classname="com.jiraBug.testcases.Task"/>
  <testcase name="taskCreateJIRA" time="1.901" classname="com.jiraBug.testcases.Task"/>
</testsuite> <!-- com.jiraBug.testcases.Task -->
