<?xml version="1.0" encoding="UTF-8"?>
<!-- Generated by org.testng.reporters.JUnitReportReporter -->
<testsuite hostname="san3149591" name="com.jiraBug.testcases.Bug" tests="1" failures="0" timestamp="31 Jul 2019 11:51:09 GMT" time="5.259" errors="0">
  <testcase name="bugLockingJIRA" time="5.259" classname="com.jiraBug.testcases.Bug"/>
</testsuite> <!-- com.jiraBug.testcases.Bug -->
