<?xml version="1.0" encoding="UTF-8"?>
<!-- Generated by org.testng.reporters.JUnitReportReporter -->
<testsuite skipped="0" hostname="san3149591" name="com.netent.testcases.LoginAndLogout" tests="2" failures="0" timestamp="02 May 2019 04:11:06 GMT" time="3.801" errors="0">
  <testcase name="loginToJIRA" time="2.862" classname="com.netent.testcases.LoginAndLogout"/>
  <testcase name="userLoginToJIRA" time="0.939" classname="com.netent.testcases.LoginAndLogout"/>
</testsuite> <!-- com.netent.testcases.LoginAndLogout -->
