<?xml version="1.0" encoding="UTF-8"?>
<!-- Generated by org.testng.reporters.JUnitReportReporter -->
<testsuite hostname="san3149591" name="com.JSONConverter.convertIntoJsonForTask" tests="1" failures="0" timestamp="5 Jun 2019 08:51:36 GMT" time="0.023" errors="0">
  <testcase name="JsonConverter" time="0.023" classname="com.JSONConverter.convertIntoJsonForTask"/>
</testsuite> <!-- com.JSONConverter.convertIntoJsonForTask -->
